               state	                soln	                  pH	                  pe	                C(4)	                  Ca	                  Mg	                  Cl	             Calcite	           d_Calcite	       Dolomite(dis)	     d_Dolomite(dis)	
              i_soln	                   1	  8.780115931816e+00	 -4.724682710182e+00	  8.609143327465e-06	  8.072006933465e-06	  9.856530897220e-04	  1.970231906641e-03	  0.000000000000e+00	  0.000000000000e+00	  0.000000000000e+00	  0.000000000000e+00	
               react	                   1	  8.780115931816e+00	 -4.724465657259e+00	  8.609143327464e-06	  8.072006933465e-06	  9.856530897220e-04	  1.970231906641e-03	  0.000000000000e+00	  0.000000000000e+00	  0.000000000000e+00	  0.000000000000e+00	
              i_soln	                   2	  8.228022092322e+00	 -4.542276769620e+00	  2.306886207188e-06	  2.162960944201e-06	  9.961557569771e-04	  1.992023663424e-03	  0.000000000000e+00	  0.000000000000e+00	  0.000000000000e+00	  0.000000000000e+00	
               react	                   2	  8.228022092374e+00	 -4.542255634687e+00	  2.306886206903e-06	  2.162960944201e-06	  9.961557569771e-04	  1.992023663424e-03	  0.000000000000e+00	  0.000000000000e+00	  0.000000000000e+00	  0.000000000000e+00	
              i_soln	                   3	  9.211854903608e+00	 -4.806870829691e+00	  2.514029596532e-05	  2.396802220025e-05	  9.568396564502e-04	  1.911334765326e-03	  0.000000000000e+00	  0.000000000000e+00	  0.000000000000e+00	  0.000000000000e+00	
               react	                   3	  9.211854903608e+00	 -4.805776742122e+00	  2.514029596532e-05	  2.396802220025e-05	  9.568396564502e-04	  1.911334765326e-03	  0.000000000000e+00	  0.000000000000e+00	  0.000000000000e+00	  0.000000000000e+00	
              i_soln	                   4	  8.999580211051e+00	  8.902462931196e+00	  1.472733703256e-05	  1.391465548794e-05	  9.751183723361e-04	  1.948611381557e-03	  0.000000000000e+00	  0.000000000000e+00	  0.000000000000e+00	  0.000000000000e+00	
               react	                   4	  8.999580211051e+00	  8.959309336314e+00	  1.472733703256e-05	  1.391465548794e-05	  9.751183723361e-04	  1.948611381557e-03	  0.000000000000e+00	  0.000000000000e+00	  0.000000000000e+00	  0.000000000000e+00	
              i_soln	                   5	  9.503161694270e+00	 -5.033251540230e+00	  5.449435400631e-05	  5.073227241055e-05	  9.144925381414e-04	  1.821460913000e-03	  0.000000000000e+00	  0.000000000000e+00	  0.000000000000e+00	  0.000000000000e+00	
               react	                   5	  9.503161694270e+00	 -5.032868757651e+00	  5.449435400631e-05	  5.073227241055e-05	  9.144925381414e-04	  1.821460913000e-03	  0.000000000000e+00	  0.000000000000e+00	  0.000000000000e+00	  0.000000000000e+00	
              i_soln	                   6	  9.347457318393e+00	 -4.560744638158e+00	  3.579583604882e-05	  3.383327292191e-05	  9.405950131372e-04	  1.877264899958e-03	  0.000000000000e+00	  0.000000000000e+00	  0.000000000000e+00	  0.000000000000e+00	
               react	                   6	  9.347457318393e+00	 -4.561944658927e+00	  3.579583604882e-05	  3.383327292191e-05	  9.405950131372e-04	  1.877264899958e-03	  0.000000000000e+00	  0.000000000000e+00	  0.000000000000e+00	  0.000000000000e+00	
              i_soln	                   7	  9.724904601116e+00	 -4.265354020349e+00	  1.025989472937e-04	  9.266081348213e-05	  8.589190924255e-04	  1.697961917073e-03	  0.000000000000e+00	  0.000000000000e+00	  0.000000000000e+00	  0.000000000000e+00	
               react	                   7	  9.724904601116e+00	 -4.043647883224e+00	  1.025989472937e-04	  9.266081348213e-05	  8.589190924255e-04	  1.697961917073e-03	  0.000000000000e+00	  0.000000000000e+00	  0.000000000000e+00	  0.000000000000e+00	
              i_soln	                   8	  9.604597261269e+00	 -4.650623201732e+00	  7.239419371625e-05	  6.649506439637e-05	  8.926075411456e-04	  1.773416823536e-03	  0.000000000000e+00	  0.000000000000e+00	  0.000000000000e+00	  0.000000000000e+00	
               react	                   8	  9.604597261269e+00	 -4.633359776322e+00	  7.239419371625e-05	  6.649506439637e-05	  8.926075411456e-04	  1.773416823536e-03	  0.000000000000e+00	  0.000000000000e+00	  0.000000000000e+00	  0.000000000000e+00	
              i_soln	                   9	  9.786928027729e+00	  8.099963216514e+00	  1.207448562940e-04	  1.288933663800e-04	  7.630380882206e-04	  1.542373196380e-03	  0.000000000000e+00	  0.000000000000e+00	  0.000000000000e+00	  0.000000000000e+00	
               react	                   9	  9.795301801677e+00	  8.048943752482e+00	  1.240169565840e-04	  1.305294184426e-04	  7.646741580304e-04	  1.542373239545e-03	  0.000000000000e+00	  0.000000000000e+00	  9.289920799893e-05	 -1.636048409620e-06	
              i_soln	                  10	  9.766901042006e+00	 -5.062665080333e+00	  1.155544682850e-04	  1.093803881077e-04	  8.242010621505e-04	  1.636053963760e-03	  0.000000000000e+00	  0.000000000000e+00	  0.000000000000e+00	  0.000000000000e+00	
               react	                  10	  9.798198140367e+00	 -5.088781616946e+00	  1.276652116664e-04	  1.154357651647e-04	  8.302565135425e-04	  1.636054133895e-03	  0.000000000000e+00	  0.000000000000e+00	  5.830417980072e-05	 -6.055365052715e-06	
              i_soln	                  11	  9.796393604630e+00	  8.322350726924e+00	  1.195979373024e-04	  1.630420527494e-04	  6.369250872693e-04	  1.360738405110e-03	  0.000000000000e+00	  0.000000000000e+00	  0.000000000000e+00	  0.000000000000e+00	
               react	                  11	  9.794562847096e+00	  8.339794283569e+00	  1.189014848559e-04	  1.626938259061e-04	  6.365768575800e-04	  1.360738396938e-03	  0.000000000000e+00	  0.000000000000e+00	  1.076719705024e-04	  3.482258662442e-07	
              i_soln	                  12	  9.794704764509e+00	  8.443330484376e+00	  1.218283005519e-04	  1.432719660852e-04	  7.128576419893e-04	  1.468602614776e-03	  0.000000000000e+00	  0.000000000000e+00	  0.000000000000e+00	  0.000000000000e+00	
               react	                  12	  9.794175302312e+00	  8.440127304431e+00	  1.216224223438e-04	  1.431690268360e-04	  7.127547017359e-04	  1.468602612187e-03	  0.000000000000e+00	  0.000000000000e+00	  1.054491907137e-04	  1.029389968263e-07	
              i_soln	                  13	  9.810631671595e+00	  8.239214199539e+00	  1.199816375319e-04	  1.764216693531e-04	  5.249894325576e-04	  1.162858928337e-03	  0.000000000000e+00	  0.000000000000e+00	  0.000000000000e+00	  0.000000000000e+00	
               react	                  13	  9.805026858618e+00	  8.212824408445e+00	  1.175900746560e-04	  1.917319472177e-04	  5.072875779167e-04	  1.162858900536e-03	  1.165250338698e-04	 -3.301212496153e-05	  4.517284276264e-05	  1.770184251305e-05	
              i_soln	                  14	  9.800642466014e+00	  8.280205029633e+00	  1.191031254375e-04	  1.719244889693e-04	  5.865859522685e-04	  1.278814631238e-03	  0.000000000000e+00	  0.000000000000e+00	  0.000000000000e+00	  0.000000000000e+00	
               react	                  14	  9.799043527616e+00	  8.268429131352e+00	  1.184968692362e-04	  1.716213602802e-04	  5.862828214081e-04	  1.278814624542e-03	  0.000000000000e+00	  0.000000000000e+00	  1.075352021728e-04	  3.031277904428e-07	
              i_soln	                  15	  9.830293334139e+00	  8.243806556398e+00	  1.224158254111e-04	  1.702619961419e-04	  4.324758664888e-04	  9.606440739180e-04	  0.000000000000e+00	  0.000000000000e+00	  0.000000000000e+00	  0.000000000000e+00	
               react	                  15	  9.831707706906e+00	  8.254244190535e+00	  1.229691859081e-04	  1.708153568636e-04	  4.324758685194e-04	  9.606440784286e-04	  2.046219040404e-04	 -5.533599196305e-07	  0.000000000000e+00	  0.000000000000e+00	
              i_soln	                  16	  9.818580620161e+00	  8.222338767847e+00	  1.208692728145e-04	  1.759762057425e-04	  4.836957595274e-04	  1.077605384448e-03	  0.000000000000e+00	  0.000000000000e+00	  0.000000000000e+00	  0.000000000000e+00	
               react	                  16	  9.818274774927e+00	  8.172353773917e+00	  1.206692346507e-04	  1.809020251935e-04	  4.785699004323e-04	  1.077605381487e-03	  1.880759615062e-04	 -1.005167772831e-05	  7.859269103183e-06	  5.125857780321e-06	
              i_soln	                  17	  9.847811905844e+00	 -4.747197416015e+00	  1.240081275874e-04	  1.596582907382e-04	  3.473666353892e-04	  7.660335964619e-04	  0.000000000000e+00	  0.000000000000e+00	  0.000000000000e+00	  0.000000000000e+00	
               react	                  17	  9.847990546743e+00	 -4.760396603724e+00	  1.240789793007e-04	  1.597291424731e-04	  3.473666355985e-04	  7.660335969235e-04	  2.065860314928e-04	 -7.085163841573e-08	  0.000000000000e+00	  0.000000000000e+00	
              i_soln	                  18	  9.838117244292e+00	  8.333708907026e+00	  1.232568790126e-04	  1.658896239943e-04	  3.959465877711e-04	  8.771586649429e-04	  0.000000000000e+00	  0.000000000000e+00	  0.000000000000e+00	  0.000000000000e+00	
               react	                  18	  9.838568227502e+00	  8.324881126089e+00	  1.234344746418e-04	  1.660672196879e-04	  3.959465883681e-04	  8.771586662655e-04	  2.060787340891e-04	 -1.775954431099e-07	  0.000000000000e+00	  0.000000000000e+00	
              i_soln	                  19	  9.862718583399e+00	 -4.845319338452e+00	  1.247365924463e-04	  1.502375955827e-04	  2.690353807018e-04	  5.890727669702e-04	  0.000000000000e+00	  0.000000000000e+00	  0.000000000000e+00	  0.000000000000e+00	
               react	                  19	  9.862770047865e+00	 -4.827378151671e+00	  1.247571666260e-04	  1.502581697668e-04	  2.690353807491e-04	  5.890727670737e-04	  2.069397640412e-04	 -2.057415774198e-08	  0.000000000000e+00	  0.000000000000e+00	
              i_soln	                  20	  9.854406661726e+00	  8.120854558267e+00	  1.244046156070e-04	  1.554643423654e-04	  3.133608799445e-04	  6.888412127493e-04	  0.000000000000e+00	  0.000000000000e+00	  0.000000000000e+00	  0.000000000000e+00	
               react	                  20	  9.854487944219e+00	  8.092872735963e+00	  1.244369842833e-04	  1.554967110503e-04	  3.133608800309e-04	  6.888412129393e-04	  2.068433971776e-04	 -3.236864203361e-08	  0.000000000000e+00	  0.000000000000e+00	
              i_soln	                  21	  9.875340076549e+00	  8.226200902774e+00	  1.249780431010e-04	  1.425450538245e-04	  2.007394159503e-04	  4.366128525654e-04	  0.000000000000e+00	  0.000000000000e+00	  0.000000000000e+00	  0.000000000000e+00	
               react	                  21	  9.875390581750e+00	  8.221801473556e+00	  1.249983146065e-04	  1.425653253331e-04	  2.007394159852e-04	  4.366128526414e-04	  2.070811712864e-04	 -2.027148372153e-08	  0.000000000000e+00	  0.000000000000e+00	
              i_soln	                  22	  9.868336398475e+00	  8.335780455978e+00	  1.248902418802e-04	  1.467758826514e-04	  2.388585503742e-04	  5.214883815506e-04	  0.000000000000e+00	  0.000000000000e+00	  0.000000000000e+00	  0.000000000000e+00	
               react	                  22	  9.868383563875e+00	  8.334885388062e+00	  1.249091374211e-04	  1.467947781958e-04	  2.388585504128e-04	  5.214883816350e-04	  2.070355554707e-04	 -1.889552064661e-08	  0.000000000000e+00	  0.000000000000e+00	
              i_soln	                  23	  9.885550350798e+00	 -4.721486243453e+00	  1.248804369117e-04	  1.365392937375e-04	  1.442685892440e-04	  3.118548912953e-04	  0.000000000000e+00	  0.000000000000e+00	  0.000000000000e+00	  0.000000000000e+00	
               react	                  23	  9.885606471059e+00	 -4.631308460247e+00	  1.249029870224e-04	  1.365618438505e-04	  1.442685892722e-04	  3.118548913561e-04	  2.071969088491e-04	 -2.255008639489e-08	  0.000000000000e+00	  0.000000000000e+00	
              i_soln	                  24	  9.879963993897e+00	  8.207504010193e+00	  1.249754158676e-04	  1.398021680918e-04	  1.753941122534e-04	  3.804417281449e-04	  0.000000000000e+00	  0.000000000000e+00	  0.000000000000e+00	  0.000000000000e+00	
               react	                  24	  9.880017341998e+00	  8.227693626019e+00	  1.249968456891e-04	  1.398235979161e-04	  1.753941122857e-04	  3.804417282152e-04	  2.071556287004e-04	 -2.142979844405e-08	  0.000000000000e+00	  0.000000000000e+00	
              i_soln	                  25	  9.893388501120e+00	  8.157022936790e+00	  1.245723943762e-04	  1.320434954449e-04	  9.986623433542e-05	  2.146746699154e-04	  0.000000000000e+00	  0.000000000000e+00	  0.000000000000e+00	  0.000000000000e+00	
               react	                  25	  9.893439896873e+00	  8.151572267979e+00	  1.245930296044e-04	  1.320641306744e-04	  9.986623435333e-05	  2.146746699539e-04	  2.072975342213e-04	 -2.063520582613e-08	  0.000000000000e+00	  0.000000000000e+00	
              i_soln	                  26	  9.889159094623e+00	  8.282518234766e+00	  1.247724476285e-04	  1.344603636674e-04	  1.240309553499e-04	  2.674377419111e-04	  0.000000000000e+00	  0.000000000000e+00	  0.000000000000e+00	  0.000000000000e+00	
               react	                  26	  9.889212279342e+00	  8.284574357133e+00	  1.247938154358e-04	  1.344817314766e-04	  1.240309553728e-04	  2.674377419606e-04	  2.072609866761e-04	 -2.136778422496e-08	  0.000000000000e+00	  0.000000000000e+00	
              i_soln	                  27	  9.899112440517e+00	 -4.710775512456e+00	  1.241783943391e-04	  1.288058293886e-04	  6.660720091284e-05	  1.424692709957e-04	  0.000000000000e+00	  0.000000000000e+00	  0.000000000000e+00	  0.000000000000e+00	
               react	                  27	  9.899151742391e+00	 -4.735971724118e+00	  1.241941467218e-04	  1.288215817719e-04	  6.660720092200e-05	  1.424692710153e-04	  2.073749042816e-04	 -1.575236561438e-08	  0.000000000000e+00	  0.000000000000e+00	
              i_soln	                  28	  9.896065389947e+00	 -4.941007851343e+00	  1.244132182770e-04	  1.305283675513e-04	  8.447958570765e-05	  1.811894690542e-04	  0.000000000000e+00	  0.000000000000e+00	  0.000000000000e+00	  0.000000000000e+00	
               react	                  28	  9.896109337474e+00	 -4.940557556603e+00	  1.244308518275e-04	  1.305460011027e-04	  8.447958572063e-05	  1.811894690821e-04	  2.073469474794e-04	 -1.763353137983e-08	  0.000000000000e+00	  0.000000000000e+00	
              i_soln	                  29	  9.903096630712e+00	  8.159441319320e+00	  1.237908923327e-04	  1.265629460056e-04	  4.282730234331e-05	  9.119871107799e-05	  0.000000000000e+00	  0.000000000000e+00	  0.000000000000e+00	  0.000000000000e+00	
               react	                  29	  9.903122284231e+00	  8.139475830507e+00	  1.238011545412e-04	  1.265732082143e-04	  4.282730234716e-05	  9.119871108619e-05	  2.074267070540e-04	 -1.026219731613e-08	  0.000000000000e+00	  0.000000000000e+00	
              i_soln	                  30	  9.901003655883e+00	  8.206201267963e+00	  1.240116426049e-04	  1.277432978877e-04	  5.544650522245e-05	  1.183563200697e-04	  0.000000000000e+00	  0.000000000000e+00	  0.000000000000e+00	  0.000000000000e+00	
               react	                  30	  9.901034439613e+00	  8.204278230781e+00	  1.240239709458e-04	  1.277556262291e-04	  5.544650522843e-05	  1.183563200825e-04	  2.074082514793e-04	 -1.232832756368e-08	  0.000000000000e+00	  0.000000000000e+00	
              i_soln	                  31	  9.905745337966e+00	  8.230758203752e+00	  1.234625648330e-04	  1.250696606803e-04	  2.656543278728e-05	  5.634505629756e-05	  0.000000000000e+00	  0.000000000000e+00	  0.000000000000e+00	  0.000000000000e+00	
               react	                  31	  9.905759842635e+00	  8.218042175257e+00	  1.234683571317e-04	  1.250754529792e-04	  2.656543278863e-05	  5.634505630043e-05	  2.074570484514e-04	 -5.792292464055e-09	  0.000000000000e+00	  0.000000000000e+00	
              i_soln	                  32	  9.904371694453e+00	  8.191525930532e+00	  1.236437673872e-04	  1.258465470750e-04	  3.508864230776e-05	  7.458284302860e-05	  0.000000000000e+00	  0.000000000000e+00	  0.000000000000e+00	  0.000000000000e+00	
               react	                  32	  9.904390280444e+00	  8.185511585597e+00	  1.236511967028e-04	  1.258539763908e-04	  3.508864231005e-05	  7.458284303347e-05	  2.074464434232e-04	 -7.429307547765e-09	  0.000000000000e+00	  0.000000000000e+00	
              i_soln	                  33	  9.907431199107e+00	  8.274709541241e+00	  1.232122231637e-04	  1.241145522957e-04	  1.590925067767e-05	  3.362315863639e-05	  0.000000000000e+00	  0.000000000000e+00	  0.000000000000e+00	  0.000000000000e+00	
               react	                  33	  9.907438393660e+00	  8.274660277245e+00	  1.232150923340e-04	  1.241174214660e-04	  1.590925067807e-05	  3.362315863724e-05	  2.074727041452e-04	 -2.869167159609e-09	  0.000000000000e+00	  0.000000000000e+00	
              i_soln	                  34	  9.906567615569e+00	 -4.794968531453e+00	  1.233469329068e-04	  1.246055740779e-04	  2.142633028868e-05	  4.536994194243e-05	  0.000000000000e+00	  0.000000000000e+00	  0.000000000000e+00	  0.000000000000e+00	
               react	                  34	  9.906577410700e+00	 -4.761574727790e+00	  1.233508420691e-04	  1.246094832403e-04	  2.142633028941e-05	  4.536994194399e-05	  2.074673495013e-04	 -3.909158058103e-09	  0.000000000000e+00	  0.000000000000e+00	
              i_soln	                  35	  9.908461199586e+00	  8.231597541860e+00	  1.230364480873e-04	  1.235274663079e-04	  9.206370509408e-06	  1.939477646985e-05	  0.000000000000e+00	  0.000000000000e+00	  0.000000000000e+00	  0.000000000000e+00	
               react	                  35	  9.908464371187e+00	  8.239542509273e+00	  1.230377116776e-04	  1.235287298982e-04	  9.206370509510e-06	  1.939477647007e-05	  2.074798847116e-04	 -1.263588929941e-09	  0.000000000000e+00	  0.000000000000e+00	
              i_soln	                  36	  9.907939779152e+00	  8.327562536029e+00	  1.231290290071e-04	  1.238256741894e-04	  1.263492232327e-05	  2.666313402475e-05	  0.000000000000e+00	  0.000000000000e+00	  0.000000000000e+00	  0.000000000000e+00	
               react	                  36	  9.907944341554e+00	  8.338780963118e+00	  1.231308476475e-04	  1.238274928298e-04	  1.263492232347e-05	  2.666313402518e-05	  2.074774829567e-04	 -1.818638450880e-09	  0.000000000000e+00	  0.000000000000e+00	
              i_soln	                  37	  9.909066781617e+00	  8.210195868648e+00	  1.229211144377e-04	  1.231802797663e-04	  5.152557651782e-06	  1.082344496648e-05	  0.000000000000e+00	  0.000000000000e+00	  0.000000000000e+00	  0.000000000000e+00	
               react	                  37	  9.909068040495e+00	  8.220375720473e+00	  1.229216156553e-04	  1.231807809839e-04	  5.152557651805e-06	  1.082344496653e-05	  2.074828434265e-04	 -5.012169904106e-10	  0.000000000000e+00	  0.000000000000e+00	
              i_soln	                  38	  9.908763689050e+00	  7.988771771261e+00	  1.229807375464e-04	  1.233545333934e-04	  7.201476938207e-06	  1.515054457833e-05	  0.000000000000e+00	  0.000000000000e+00	  0.000000000000e+00	  0.000000000000e+00	
               react	                  38	  9.908765591616e+00	  8.057462823471e+00	  1.229814953048e-04	  1.233552911518e-04	  7.201476938255e-06	  1.515054457843e-05	  2.074818748791e-04	 -7.577575590926e-10	  0.000000000000e+00	  0.000000000000e+00	
              i_soln	                  39	  9.909410169676e+00	  8.407113047814e+00	  1.228496647480e-04	  1.229824485557e-04	  2.791619261828e-06	  5.848805142264e-06	  0.000000000000e+00	  0.000000000000e+00	  0.000000000000e+00	  0.000000000000e+00	
               react	                  39	  9.909410625007e+00	  8.405473546989e+00	  1.228498459610e-04	  1.229826297687e-04	  2.791619261832e-06	  5.848805142274e-06	  2.074839508566e-04	 -1.812127961250e-10	  0.000000000000e+00	  0.000000000000e+00	
              i_soln	                  40	  9.909240200899e+00	  8.213668234260e+00	  1.228859935873e-04	  1.230805799346e-04	  3.970939848660e-06	  8.331051396386e-06	  0.000000000000e+00	  0.000000000000e+00	  0.000000000000e+00	  0.000000000000e+00	
               react	                  40	  9.909240920124e+00	  8.205322815538e+00	  1.228862798863e-04	  1.230808662336e-04	  3.970939848670e-06	  8.331051396407e-06	  2.074835955193e-04	 -2.862987265068e-10	  0.000000000000e+00	  0.000000000000e+00	
              i_soln	                  41	  9.909598304469e+00	  8.359724315326e+00	  1.228075586556e-04	  1.228736503688e-04	  1.465545673777e-06	  3.063273775711e-06	  0.000000000000e+00	  0.000000000000e+00	  0.000000000000e+00	  0.000000000000e+00	
               react	                  41	  9.909598456091e+00	  8.350915256321e+00	  1.228076189834e-04	  1.228737106966e-04	  1.465545673778e-06	  3.063273775713e-06	  2.074843312951e-04	 -6.032778085679e-11	  0.000000000000e+00	  0.000000000000e+00	
              i_soln	                  42	  9.909506191169e+00	  8.346084762889e+00	  1.228286481714e-04	  1.229270019457e-04	  2.120300915946e-06	  4.437308382898e-06	  0.000000000000e+00	  0.000000000000e+00	  0.000000000000e+00	  0.000000000000e+00	
               react	                  42	  9.909506440386e+00	  8.345724692995e+00	  1.228287473426e-04	  1.229271011168e-04	  2.120300915948e-06	  4.437308382902e-06	  2.074842114381e-04	 -9.917100051316e-11	  0.000000000000e+00	  0.000000000000e+00	
              i_soln	                  43	  9.909698047256e+00	 -4.220876327562e+00	  1.227838235488e-04	  1.228158072155e-04	  7.462192951456e-07	  1.556404924755e-06	  0.000000000000e+00	  0.000000000000e+00	  0.000000000000e+00	  0.000000000000e+00	
               react	                  43	  9.909698094129e+00	 -4.030057408748e+00	  1.227838421962e-04	  1.228158258630e-04	  7.462192951457e-07	  1.556404924756e-06	  2.074844523164e-04	 -1.864743662218e-11	  0.000000000000e+00	  0.000000000000e+00	
              i_soln	                  44	  9.909649733823e+00	  8.188300173753e+00	  1.227955479341e-04	  1.228438558306e-04	  1.097361613149e-06	  2.291338020630e-06	  0.000000000000e+00	  0.000000000000e+00	  0.000000000000e+00	  0.000000000000e+00	
               react	                  44	  9.909649813710e+00	  8.220460861108e+00	  1.227955797176e-04	  1.228438876141e-04	  1.097361613149e-06	  2.291338020630e-06	  2.074844148196e-04	 -3.178343300895e-11	  0.000000000000e+00	  0.000000000000e+00	
              i_soln	                  45	  9.909749283971e+00	 -4.909070612829e+00	  1.227709726818e-04	  1.227860329951e-04	  3.688682568238e-07	  7.678561407583e-07	  0.000000000000e+00	  0.000000000000e+00	  0.000000000000e+00	  0.000000000000e+00	
               react	                  45	  9.909749297515e+00	 -4.866611301478e+00	  1.227709780692e-04	  1.227860383825e-04	  3.688682568238e-07	  7.678561407584e-07	  2.074844882280e-04	 -5.387444667899e-12	  0.000000000000e+00	  0.000000000000e+00	
              i_soln	                  46	  9.909724728028e+00	  8.261651337873e+00	  1.227772386298e-04	  1.228003136334e-04	  5.510200886268e-07	  1.148189185360e-06	  0.000000000000e+00	  0.000000000000e+00	  0.000000000000e+00	  0.000000000000e+00	
               react	                  46	  9.909724751895e+00	  8.251432107109e+00	  1.227772481242e-04	  1.228003231279e-04	  5.510200886268e-07	  1.148189185360e-06	  2.074844772693e-04	 -9.494471723583e-12	  0.000000000000e+00	  0.000000000000e+00	
              i_soln	                  47	  9.909774814854e+00	  8.216658412893e+00	  1.227642686434e-04	  1.227711743403e-04	  1.771839968444e-07	  3.681783878637e-07	  0.000000000000e+00	  0.000000000000e+00	  0.000000000000e+00	  0.000000000000e+00	
               react	                  47	  9.909774818531e+00	  8.209254830466e+00	  1.227642701060e-04	  1.227711758030e-04	  1.771839968444e-07	  3.681783878637e-07	  2.074844982302e-04	 -1.462652048090e-12	  0.000000000000e+00	  0.000000000000e+00	
              i_soln	                  48	  9.909762706448e+00	 -4.649894255153e+00	  1.227674973844e-04	  1.227782251450e-04	  2.686991779291e-07	  5.588528774815e-07	  0.000000000000e+00	  0.000000000000e+00	  0.000000000000e+00	  0.000000000000e+00	
               react	                  48	  9.909762713134e+00	 -4.692367374155e+00	  1.227675000437e-04	  1.227782278043e-04	  2.686991779291e-07	  5.588528774816e-07	  2.074844952192e-04	 -2.659269587304e-12	  0.000000000000e+00	  0.000000000000e+00	
              i_soln	                  49	  9.909787168512e+00	  8.342962111082e+00	  1.227608904852e-04	  1.227639764349e-04	  8.278122749116e-08	  1.717333544647e-07	  0.000000000000e+00	  0.000000000000e+00	  0.000000000000e+00	  0.000000000000e+00	
               react	                  49	  9.909787169455e+00	  8.343871305444e+00	  1.227608908600e-04	  1.227639768097e-04	  8.278122749116e-08	  1.717333544647e-07	  2.074845008562e-04	 -3.748233548626e-13	  0.000000000000e+00	  0.000000000000e+00	
              i_soln	                  50	  9.909781369893e+00	  8.387967991850e+00	  1.227624983300e-04	  1.227673564099e-04	  1.273674321661e-07	  2.644500242970e-07	  0.000000000000e+00	  0.000000000000e+00	  0.000000000000e+00	  0.000000000000e+00	
               react	                  50	  9.909781371658e+00	  8.387331394739e+00	  1.227624990318e-04	  1.227673571117e-04	  1.273674321661e-07	  2.644500242970e-07	  2.074845000765e-04	 -7.017377943921e-13	  0.000000000000e+00	  0.000000000000e+00	
              i_soln	                  51	  9.909792978941e+00	 -4.335728058160e+00	  1.227592429204e-04	  1.227605878940e-04	  3.765244125971e-08	  7.799382992233e-08	  0.000000000000e+00	  0.000000000000e+00	  0.000000000000e+00	  0.000000000000e+00	
               react	                  51	  9.909792979170e+00	 -4.509997366152e+00	  1.227592430114e-04	  1.227605879851e-04	  3.765244125971e-08	  7.799382992233e-08	  2.074845015074e-04	 -9.102026315815e-14	  0.000000000000e+00	  0.000000000000e+00	
              i_soln	                  52	  9.909790279255e+00	  8.365555814713e+00	  1.227600182008e-04	  1.227621628165e-04	  5.874216812882e-08	  1.217725677582e-07	  0.000000000000e+00	  0.000000000000e+00	  0.000000000000e+00	  0.000000000000e+00	
               react	                  52	  9.909790279695e+00	  8.364559607588e+00	  1.227600183760e-04	  1.227621629917e-04	  5.874216812882e-08	  1.217725677582e-07	  2.074845013169e-04	 -1.751777434049e-13	  0.000000000000e+00	  0.000000000000e+00	
              i_soln	                  53	  9.909795637986e+00	  8.274204587879e+00	  1.227584638620e-04	  1.227590360161e-04	  1.668792650184e-08	  3.451916122123e-08	  0.000000000000e+00	  0.000000000000e+00	  0.000000000000e+00	  0.000000000000e+00	
               react	                  53	  9.909795638039e+00	  8.266250086239e+00	  1.227584638830e-04	  1.227590360371e-04	  1.668792650184e-08	  3.451916122123e-08	  2.074845016595e-04	 -2.099760794926e-14	  0.000000000000e+00	  0.000000000000e+00	
              i_soln	                  54	  9.909794414833e+00	 -4.704261348582e+00	  1.227588264366e-04	  1.227597500704e-04	  2.638404117746e-08	  5.461435010387e-08	  0.000000000000e+00	  0.000000000000e+00	  0.000000000000e+00	  0.000000000000e+00	
               react	                  54	  9.909794414937e+00	 -4.778869407393e+00	  1.227588264781e-04	  1.227597501119e-04	  2.638404117746e-08	  5.461435010387e-08	  2.074845016157e-04	 -4.151876325381e-14	  0.000000000000e+00	  0.000000000000e+00	
              i_soln	                  55	  9.909796823093e+00	 -4.891039385297e+00	  1.227581061648e-04	  1.227583439098e-04	  7.213582074268e-09	  1.490165406611e-08	  0.000000000000e+00	  0.000000000000e+00	  0.000000000000e+00	  0.000000000000e+00	
               react	                  55	  9.909796823105e+00	 -4.910398628407e+00	  1.227581061694e-04	  1.227583439143e-04	  7.213582074268e-09	  1.490165406611e-08	  2.074845016970e-04	 -4.592924348137e-15	  0.000000000000e+00	  0.000000000000e+00	
              i_soln	                  56	  9.909796283283e+00	  8.378267815882e+00	  1.227582708658e-04	  1.227586592365e-04	  1.155121746661e-08	  2.387817638865e-08	  0.000000000000e+00	  0.000000000000e+00	  0.000000000000e+00	  0.000000000000e+00	
               react	                  56	  9.909796283306e+00	  8.377472838758e+00	  1.227582708751e-04	  1.227586592458e-04	  1.155121746661e-08	  2.387817638865e-08	  2.074845016848e-04	 -9.347449030084e-15	  0.000000000000e+00	  0.000000000000e+00	
              i_soln	                  57	  9.909797337966e+00	 -1.123801769590e+00	  1.227579464790e-04	  1.227580430457e-04	  3.043948449134e-09	  6.280030103493e-09	  0.000000000000e+00	  0.000000000000e+00	  0.000000000000e+00	  0.000000000000e+00	
               react	                  57	  9.909797337966e+00	 -2.123801769590e+00	  1.227579464790e-04	  1.227580430457e-04	  3.043948449134e-09	  6.280030103493e-09	  2.074845017063e-04	 -1.099109952357e-15	  0.000000000000e+00	  0.000000000000e+00	
              i_soln	                  58	  9.909797105696e+00	 -5.120598372564e+00	  1.227580192456e-04	  1.227581788019e-04	  4.934066211241e-09	  1.018624498072e-08	  0.000000000000e+00	  0.000000000000e+00	  0.000000000000e+00	  0.000000000000e+00	
               react	                  58	  9.909797105701e+00	 -5.117095444060e+00	  1.227580192476e-04	  1.227581788039e-04	  4.934066211241e-09	  1.018624498072e-08	  2.074845017037e-04	 -2.027024381679e-15	  0.000000000000e+00	  0.000000000000e+00	
              i_soln	                  59	  9.909797556210e+00	 -4.909160439816e+00	  1.227578770796e-04	  1.227579154479e-04	  1.255142523216e-09	  2.586021399065e-09	  0.000000000000e+00	  0.000000000000e+00	  0.000000000000e+00	  0.000000000000e+00	
               react	                  59	  9.909797556211e+00	 -4.897850182549e+00	  1.227578770799e-04	  1.227579154482e-04	  1.255142523216e-09	  2.586021399065e-09	  2.074845017084e-04	 -2.998361108009e-16	  0.000000000000e+00	  0.000000000000e+00	
              i_soln	                  60	  9.909797458682e+00	 -4.967483440654e+00	  1.227579083858e-04	  1.227579724802e-04	  2.058183817912e-09	  4.243556332493e-09	  0.000000000000e+00	  0.000000000000e+00	  0.000000000000e+00	  0.000000000000e+00	
               react	                  60	  9.909797458683e+00	 -4.965735395627e+00	  1.227579083864e-04	  1.227579724808e-04	  2.058183817912e-09	  4.243556332493e-09	  2.074845017077e-04	 -5.679864131108e-16	  0.000000000000e+00	  0.000000000000e+00	
              i_soln	                  61	  9.909797646545e+00	 -5.016724763638e+00	  1.227578476841e-04	  1.227578626068e-04	  5.063539813276e-10	  1.041553380601e-09	  0.000000000000e+00	  0.000000000000e+00	  0.000000000000e+00	  0.000000000000e+00	
               react	                  61	  9.909797646545e+00	 -5.019159655302e+00	  1.227578476842e-04	  1.227578626069e-04	  5.063539813276e-10	  1.041553380601e-09	  2.074845017088e-04	 -8.001412032943e-17	  0.000000000000e+00	  0.000000000000e+00	
              i_soln	                  62	  9.909797606548e+00	 -4.948906559939e+00	  1.227578608147e-04	  1.227578860074e-04	  8.393309717128e-10	  1.728047293943e-09	  0.000000000000e+00	  0.000000000000e+00	  0.000000000000e+00	  0.000000000000e+00	
               react	                  62	  9.909797606548e+00	 -4.964366608356e+00	  1.227578608148e-04	  1.227578860075e-04	  8.393309717128e-10	  1.728047293943e-09	  2.074845017086e-04	 -1.566401088698e-16	  0.000000000000e+00	  0.000000000000e+00	
              i_soln	                  63	  9.909797683087e+00	 -5.055313288190e+00	  1.227578355360e-04	  1.227578412213e-04	  2.002405726456e-10	  4.108517186975e-10	  0.000000000000e+00	  0.000000000000e+00	  0.000000000000e+00	  0.000000000000e+00	
               react	                  63	  9.909797683087e+00	 -5.061493777586e+00	  1.227578355360e-04	  1.227578412214e-04	  2.002405726456e-10	  4.108517186975e-10	  2.074845017089e-04	 -3.970890456728e-17	  0.000000000000e+00	  0.000000000000e+00	
              i_soln	                  64	  9.909797667053e+00	 -4.984026098441e+00	  1.227578409107e-04	  1.227578506064e-04	  3.351102250071e-10	  6.886118899396e-10	  0.000000000000e+00	  0.000000000000e+00	  0.000000000000e+00	  0.000000000000e+00	
               react	                  64	  9.909797667053e+00	 -4.996813186222e+00	  1.227578409107e-04	  1.227578506065e-04	  3.351102250071e-10	  6.886118899396e-10	  2.074845017089e-04	 -4.648516814532e-17	  0.000000000000e+00	  0.000000000000e+00	
              i_soln	                  65	  9.909797697546e+00	 -5.074446482329e+00	  1.227578306329e-04	  1.227578327561e-04	  7.791634324937e-11	  1.590789114389e-10	  0.000000000000e+00	  0.000000000000e+00	  0.000000000000e+00	  0.000000000000e+00	
               react	                  65	  9.909797697546e+00	 -5.078985509322e+00	  1.227578306330e-04	  1.227578327561e-04	  7.791634324937e-11	  1.590789114389e-10	  2.074845017089e-04	 -2.331034670844e-17	  0.000000000000e+00	  0.000000000000e+00	
              i_soln	                  66	  9.909797691258e+00	 -5.017557395899e+00	  1.227578327821e-04	  1.227578364383e-04	  1.313256797304e-10	  2.689637847426e-10	  0.000000000000e+00	  0.000000000000e+00	  0.000000000000e+00	  0.000000000000e+00	
               react	                  66	  9.909797691258e+00	 -5.009422177347e+00	  1.227578327821e-04	  1.227578364384e-04	  1.313256797304e-10	  2.689637847426e-10	  2.074845017089e-04	 -3.295974604356e-17	  0.000000000000e+00	  0.000000000000e+00	
              i_soln	                  67	  9.909797703146e+00	 -5.098682519035e+00	  1.227578286984e-04	  1.227578294762e-04	  3.009593920579e-11	  6.074719551450e-11	  0.000000000000e+00	  0.000000000000e+00	  0.000000000000e+00	  0.000000000000e+00	
               react	                  67	  9.909797703146e+00	 -5.098204455464e+00	  1.227578286984e-04	  1.227578294762e-04	  3.009593920579e-11	  6.074719551450e-11	  2.074845017089e-04	  2.710505431214e-20	  0.000000000000e+00	  0.000000000000e+00	
              i_soln	                  68	  9.909797700731e+00	 -5.076200687998e+00	  1.227578295387e-04	  1.227578308906e-04	  5.079191602579e-11	  1.032874445045e-10	  0.000000000000e+00	  0.000000000000e+00	  0.000000000000e+00	  0.000000000000e+00	
               react	                  68	  9.909797700731e+00	 -5.079062535927e+00	  1.227578295387e-04	  1.227578308906e-04	  5.079191602579e-11	  1.032874445045e-10	  2.074845017089e-04	 -1.417594340525e-17	  0.000000000000e+00	  0.000000000000e+00	
              i_soln	                  69	  9.909797705270e+00	 -5.075040093290e+00	  1.227578279516e-04	  1.227578282312e-04	  1.179249721483e-11	  2.314410940730e-11	  0.000000000000e+00	  0.000000000000e+00	  0.000000000000e+00	  0.000000000000e+00	
               react	                  69	  9.909797705270e+00	 -5.087488880822e+00	  1.227578279517e-04	  1.227578282313e-04	  1.179249721483e-11	  2.314410940730e-11	  2.074845017089e-04	 -1.330858166726e-17	  0.000000000000e+00	  0.000000000000e+00	
              i_soln	                  70	  9.909797704362e+00	 -5.054017350339e+00	  1.227578282732e-04	  1.227578287636e-04	  1.964607643011e-11	  3.927285359647e-11	  0.000000000000e+00	  0.000000000000e+00	  0.000000000000e+00	  0.000000000000e+00	
               react	                  70	  9.909797704362e+00	 -5.046851662897e+00	  1.227578282732e-04	  1.227578287636e-04	  1.964607643011e-11	  3.927285359647e-11	  2.074845017089e-04	  3.523657060578e-19	  0.000000000000e+00	  0.000000000000e+00	
              i_soln	                  71	  9.909797706061e+00	 -5.131378888565e+00	  1.227578276693e-04	  1.227578277681e-04	  4.928069273558e-12	  9.053522521479e-12	  0.000000000000e+00	  0.000000000000e+00	  0.000000000000e+00	  0.000000000000e+00	
               react	                  71	  9.909797706061e+00	 -5.139582596897e+00	  1.227578276693e-04	  1.227578277681e-04	  4.928069273558e-12	  9.053522521479e-12	  2.074845017089e-04	  2.873135757087e-18	  0.000000000000e+00	  0.000000000000e+00	
              i_soln	                  72	  9.909797705726e+00	 -5.101371280637e+00	  1.227578277898e-04	  1.227578279645e-04	  7.848819083032e-12	  1.504686404994e-11	  0.000000000000e+00	  0.000000000000e+00	  0.000000000000e+00	  0.000000000000e+00	
               react	                  72	  9.909797705726e+00	 -5.093179088237e+00	  1.227578277899e-04	  1.227578279645e-04	  7.848819083032e-12	  1.504686404994e-11	  2.074845017089e-04	 -1.244121992927e-17	  0.000000000000e+00	  0.000000000000e+00	
              i_soln	                  73	  9.909797706349e+00	 -5.133100740835e+00	  1.227578275648e-04	  1.227578275991e-04	  2.403734182191e-12	  3.875939106662e-12	  0.000000000000e+00	  0.000000000000e+00	  0.000000000000e+00	  0.000000000000e+00	
               react	                  73	  9.909797706349e+00	 -5.131476119610e+00	  1.227578275648e-04	  1.227578275990e-04	  2.403734182191e-12	  3.875939106662e-12	  2.074845017089e-04	  1.374226253625e-17	  0.000000000000e+00	  0.000000000000e+00	
              i_soln	                  74	  9.909797706228e+00	 -5.151946150282e+00	  1.227578276090e-04	  1.227578276702e-04	  3.469063171658e-12	  6.060282204218e-12	  0.000000000000e+00	  0.000000000000e+00	  0.000000000000e+00	  0.000000000000e+00	
               react	                  74	  9.909797706228e+00	 -5.143252462196e+00	  1.227578276090e-04	  1.227578276702e-04	  3.469063171658e-12	  6.060282204218e-12	  2.074845017089e-04	  1.013729031274e-17	  0.000000000000e+00	  0.000000000000e+00	
              i_soln	                  75	  9.909797706452e+00	 -5.158545879494e+00	  1.227578275268e-04	  1.227578275385e-04	  1.492843924214e-12	  2.009039943925e-12	  0.000000000000e+00	  0.000000000000e+00	  0.000000000000e+00	  0.000000000000e+00	
               react	                  75	  9.909797706452e+00	 -5.164149065147e+00	  1.227578275268e-04	  1.227578275385e-04	  1.492843924214e-12	  2.009039943925e-12	  2.074845017089e-04	  1.680513367353e-18	  0.000000000000e+00	  0.000000000000e+00	
              i_soln	                  76	  9.909797706409e+00	 -5.150921390800e+00	  1.227578275428e-04	  1.227578275638e-04	  1.874207830771e-12	  2.790412014674e-12	  0.000000000000e+00	  0.000000000000e+00	  0.000000000000e+00	  0.000000000000e+00	
               react	                  76	  9.909797706409e+00	 -5.143314828055e+00	  1.227578275427e-04	  1.227578275638e-04	  1.874207830771e-12	  2.790412014674e-12	  2.074845017089e-04	  1.135701775679e-17	  0.000000000000e+00	  0.000000000000e+00	
