               state	                soln	                  pH	                  pe	                  Ca	                  Cl	                   K	                N(5)	                  Na	
              i_soln	                   1	  6.994915300146e+00	  1.258744829173e+01	  5.999999999993e-04	  1.199999999999e-03	  1.001215802431e-12	  1.000033672162e-12	  1.000172185009e-12	
              i_exch	                  81	  6.994915300060e+00	  1.258744829173e+01	  5.999999999993e-04	  1.199999999999e-03	  1.001296962547e-12	  1.000035953864e-12	  1.000183762299e-12	
               react	                   1	  6.994915300145e+00	  1.258744826987e+01	  5.999999999993e-04	  1.199999999999e-03	  1.001222476545e-12	  1.000033672137e-12	  1.000172388351e-12	
              i_soln	                   2	  6.994915299266e+00	  1.256246550571e+01	  5.999999999998e-04	  1.200000000000e-03	  1.000325773280e-12	  1.000009022429e-12	  1.000046136834e-12	
              i_exch	                  82	  6.994915299242e+00	  1.256246550571e+01	  5.999999999998e-04	  1.200000000000e-03	  1.000347520062e-12	  1.000009633787e-12	  1.000049238959e-12	
               react	                   2	  6.994915299267e+00	  1.256246547832e+01	  5.999999999998e-04	  1.200000000000e-03	  1.000327561598e-12	  1.000009022400e-12	  1.000046191320e-12	
              i_soln	                   3	  6.994915301939e+00	  1.260930980397e+01	  5.999999999975e-04	  1.199999999998e-03	  1.004394704835e-12	  1.000121409610e-12	  1.000621644437e-12	
              i_exch	                  83	  6.994915301892e+00	  1.260930980397e+01	  5.999999999973e-04	  1.199999999999e-03	  1.004687996454e-12	  1.000129633666e-12	  1.000663429666e-12	
               react	                   3	  6.994915301939e+00	  1.260930978619e+01	  5.999999999975e-04	  1.199999999998e-03	  1.004418823562e-12	  1.000121409587e-12	  1.000622378350e-12	
              i_soln	                   4	  6.994915300864e+00	  1.259914823881e+01	  5.999999999987e-04	  1.199999999999e-03	  1.002306069356e-12	  1.000063786217e-12	  1.000326391806e-12	
              i_exch	                  84	  6.994915300771e+00	  1.259914823881e+01	  5.999999999986e-04	  1.199999999999e-03	  1.002459989667e-12	  1.000068107735e-12	  1.000348334202e-12	
               react	                   4	  6.994915300865e+00	  1.259914821918e+01	  5.999999999987e-04	  1.199999999999e-03	  1.002318726863e-12	  1.000063786193e-12	  1.000326777201e-12	
              i_soln	                   5	  6.994915303699e+00	  1.261983513133e+01	  5.999999999936e-04	  1.199999999997e-03	  1.011259602374e-12	  1.000309812727e-12	  1.001589636899e-12	
              i_exch	                  85	  6.994915303592e+00	  1.261983513133e+01	  5.999999999932e-04	  1.199999999997e-03	  1.012010736544e-12	  1.000330786608e-12	  1.001696436295e-12	
               react	                   5	  6.994915303699e+00	  1.261983511518e+01	  5.999999999936e-04	  1.199999999997e-03	  1.011321372756e-12	  1.000309812705e-12	  1.001591512717e-12	
              i_soln	                   6	  6.994915302698e+00	  1.261454061070e+01	  5.999999999961e-04	  1.199999999998e-03	  1.006793796777e-12	  1.000187332215e-12	  1.000960129939e-12	
              i_exch	                  86	  6.994915302647e+00	  1.261454061070e+01	  5.999999999959e-04	  1.199999999998e-03	  1.007247111263e-12	  1.000200018257e-12	  1.001024652533e-12	
               react	                   6	  6.994915302698e+00	  1.261454059378e+01	  5.999999999961e-04	  1.199999999998e-03	  1.006831075167e-12	  1.000187332192e-12	  1.000961263210e-12	
              i_soln	                   7	  6.994915305122e+00	  1.262609116189e+01	  5.999999999857e-04	  1.199999999996e-03	  1.025220451434e-12	  1.000690102116e-12	  1.003551157455e-12	
              i_exch	                  87	  6.994915305054e+00	  1.262609116189e+01	  5.999999999847e-04	  1.199999999996e-03	  1.026901987613e-12	  1.000736783458e-12	  1.003789582738e-12	
               react	                   7	  6.994915305123e+00	  1.262609116208e+01	  5.999999999856e-04	  1.199999999996e-03	  1.025358739598e-12	  1.000690102095e-12	  1.003555345148e-12	
              i_soln	                   8	  6.994915304348e+00	  1.262282270336e+01	  5.999999999908e-04	  1.199999999997e-03	  1.016197009609e-12	  1.000444529516e-12	  1.002283900629e-12	
              i_exch	                  88	  6.994915304237e+00	  1.262282270336e+01	  5.999999999902e-04	  1.199999999997e-03	  1.017277244397e-12	  1.000474612410e-12	  1.002437297110e-12	
               react	                   8	  6.994915304349e+00	  1.262282268770e+01	  5.999999999908e-04	  1.199999999997e-03	  1.016285845128e-12	  1.000444529494e-12	  1.002286594877e-12	
              i_soln	                   9	  6.994915306483e+00	  1.263025618198e+01	  5.999999999702e-04	  1.199999999995e-03	  1.052482684116e-12	  1.001425889708e-12	  1.007364646411e-12	
              i_exch	                  89	  6.994915306351e+00	  1.263025618198e+01	  5.999999999682e-04	  1.199999999995e-03	  1.055979418148e-12	  1.001522243942e-12	  1.007858693066e-12	
               react	                   9	  6.994915306483e+00	  1.263025618238e+01	  5.999999999700e-04	  1.199999999995e-03	  1.052770272562e-12	  1.001425889687e-12	  1.007373323849e-12	
              i_soln	                  10	  6.994915305696e+00	  1.262803450165e+01	  5.999999999801e-04	  1.199999999996e-03	  1.034943168615e-12	  1.000953056787e-12	  1.004912539184e-12	
              i_exch	                  90	  6.994915305620e+00	  1.262803450165e+01	  5.999999999788e-04	  1.199999999996e-03	  1.037272202476e-12	  1.001017495481e-12	  1.005242241405e-12	
               react	                  10	  6.994915305697e+00	  1.262803450194e+01	  5.999999999800e-04	  1.199999999996e-03	  1.035134711266e-12	  1.000953056766e-12	  1.004918330067e-12	
              i_soln	                  11	  6.994915307189e+00	  1.263322953590e+01	  5.999999999407e-04	  1.199999999993e-03	  1.104157064074e-12	  1.002805337752e-12	  1.014555144035e-12	
              i_exch	                  91	  6.994915306960e+00	  1.263322953590e+01	  5.999999999368e-04	  1.199999999993e-03	  1.111090824796e-12	  1.002994672269e-12	  1.015530558978e-12	
               react	                  11	  6.994915307189e+00	  1.263322952244e+01	  5.999999999404e-04	  1.199999999993e-03	  1.104727399695e-12	  1.002805337731e-12	  1.014572276298e-12	
              i_soln	                  12	  6.994915306884e+00	  1.263162318564e+01	  5.999999999596e-04	  1.199999999994e-03	  1.071028491509e-12	  1.001922206896e-12	  1.009948374594e-12	
              i_exch	                  92	  6.994915306709e+00	  1.263162318564e+01	  5.999999999569e-04	  1.199999999994e-03	  1.075759054319e-12	  1.002052026866e-12	  1.010615439447e-12	
               react	                  12	  6.994915306884e+00	  1.263162317171e+01	  5.999999999594e-04	  1.199999999994e-03	  1.071417573556e-12	  1.001922206876e-12	  1.009960090942e-12	
              i_soln	                  13	  6.994915306237e+00	  1.263545232823e+01	  5.999999998863e-04	  1.199999999991e-03	  1.199862853469e-12	  1.005327966902e-12	  1.027792014272e-12	
              i_exch	                  93	  6.994915306186e+00	  1.263545232823e+01	  5.999999998787e-04	  1.199999999991e-03	  1.213154332660e-12	  1.005687030265e-12	  1.029652275258e-12	
               react	                  13	  6.994915306237e+00	  1.263545231631e+01	  5.999999998857e-04	  1.199999999991e-03	  1.200955860163e-12	  1.005327966881e-12	  1.027824687763e-12	
              i_soln	                  14	  6.994915307014e+00	  1.263424115423e+01	  5.999999999211e-04	  1.199999999993e-03	  1.138678127319e-12	  1.003717908395e-12	  1.019336332877e-12	
              i_exch	                  94	  6.994915306821e+00	  1.263424115423e+01	  5.999999999158e-04	  1.199999999992e-03	  1.147905929042e-12	  1.003968668494e-12	  1.020631463907e-12	
               react	                  14	  6.994915307014e+00	  1.263424114132e+01	  5.999999999207e-04	  1.199999999993e-03	  1.139437215936e-12	  1.003717908374e-12	  1.019359080720e-12	
              i_soln	                  15	  6.994915305131e+00	  1.263717065749e+01	  5.999999997874e-04	  1.199999999987e-03	  1.373827319379e-12	  1.009847470969e-12	  1.051686755657e-12	
              i_exch	                  95	  6.994915305185e+00	  1.263717065749e+01	  5.999999997732e-04	  1.199999999987e-03	  1.398660049441e-12	  1.010509999565e-12	  1.055141688134e-12	
               react	                  15	  6.994915305130e+00	  1.263717064767e+01	  5.999999997863e-04	  1.199999999987e-03	  1.375869405125e-12	  1.009847470948e-12	  1.051747437845e-12	
              i_soln	                  16	  6.994915305732e+00	  1.263622920382e+01	  5.999999998505e-04	  1.199999999990e-03	  1.262870889582e-12	  1.006970378243e-12	  1.036460283930e-12	
              i_exch	                  96	  6.994915305748e+00	  1.263622920382e+01	  5.999999998405e-04	  1.199999999989e-03	  1.280343779370e-12	  1.007439774643e-12	  1.038899262049e-12	
               react	                  16	  6.994915305731e+00	  1.263622919273e+01	  5.999999998497e-04	  1.199999999990e-03	  1.264307748884e-12	  1.006970378223e-12	  1.036503121969e-12	
              i_soln	                  17	  6.994915304347e+00	  1.263853110142e+01	  5.999999996105e-04	  1.199999999980e-03	  1.685120381022e-12	  1.017804128568e-12	  1.094112806644e-12	
              i_exch	                  97	  6.994915304517e+00	  1.263853110141e+01	  5.999999995846e-04	  1.199999999979e-03	  1.730574618797e-12	  1.018999702885e-12	  1.100394000562e-12	
               react	                  17	  6.994915304348e+00	  1.263853109494e+01	  5.999999996086e-04	  1.199999999980e-03	  1.688858248382e-12	  1.017804128547e-12	  1.094223129087e-12	
              i_soln	                  18	  6.994915304760e+00	  1.263778258889e+01	  5.999999997231e-04	  1.199999999985e-03	  1.486968729614e-12	  1.012750365619e-12	  1.067134702560e-12	
              i_exch	                  98	  6.994915304854e+00	  1.263778258889e+01	  5.999999997046e-04	  1.199999999984e-03	  1.519299039273e-12	  1.013607473003e-12	  1.071619153657e-12	
               react	                  18	  6.994915304761e+00	  1.263778258030e+01	  5.999999997217e-04	  1.199999999985e-03	  1.489627368611e-12	  1.012750365599e-12	  1.067213467140e-12	
              i_soln	                  19	  6.994915303987e+00	  1.263962757033e+01	  5.999999992986e-04	  1.199999999966e-03	  2.234703434596e-12	  1.031599130185e-12	  1.168369652675e-12	
              i_exch	                  99	  6.994915304072e+00	  1.263962757033e+01	  5.999999992521e-04	  1.199999999964e-03	  2.316506441675e-12	  1.033716577691e-12	  1.179587737534e-12	
               react	                  19	  6.994915303988e+00	  1.263962756903e+01	  5.999999992951e-04	  1.199999999966e-03	  2.241430393531e-12	  1.031599130165e-12	  1.168566686320e-12	
              i_soln	                  20	  6.994915304140e+00	  1.263902218985e+01	  5.999999994967e-04	  1.199999999975e-03	  1.885475291374e-12	  1.022854639812e-12	  1.121238629773e-12	
              i_exch	                 100	  6.994915304306e+00	  1.263902218985e+01	  5.999999994633e-04	  1.199999999973e-03	  1.944185698470e-12	  1.024387921247e-12	  1.129324095419e-12	
               react	                  20	  6.994915304140e+00	  1.263902218533e+01	  5.999999994943e-04	  1.199999999975e-03	  1.890303261776e-12	  1.022854639791e-12	  1.121380642317e-12	
              i_soln	                  21	  6.994915303462e+00	  1.264052447278e+01	  5.999999987550e-04	  1.199999999943e-03	  3.193627534591e-12	  1.055191543059e-12	  1.296701966497e-12	
              i_exch	                 101	  6.994915302927e+00	  1.264052447278e+01	  5.999999986725e-04	  1.199999999940e-03	  3.338743959339e-12	  1.058881298265e-12	  1.316433764312e-12	
               react	                  21	  6.994915303462e+00	  1.264052446611e+01	  5.999999987488e-04	  1.199999999943e-03	  3.205560986290e-12	  1.055191543038e-12	  1.297048534392e-12	
              i_soln	                  22	  6.994915303805e+00	  1.264002872002e+01	  5.999999990998e-04	  1.199999999958e-03	  2.585221771743e-12	  1.040263777296e-12	  1.215384912051e-12	
              i_exch	                 102	  6.994915303703e+00	  1.264002872001e+01	  5.999999990402e-04	  1.199999999955e-03	  2.690177201471e-12	  1.042959050207e-12	  1.229723622210e-12	
               react	                  22	  6.994915303805e+00	  1.264002870833e+01	  5.999999990954e-04	  1.199999999958e-03	  2.593852638652e-12	  1.040263777275e-12	  1.215636756137e-12	
              i_soln	                  23	  6.994915302853e+00	  1.264126569106e+01	  5.999999978174e-04	  1.199999999903e-03	  4.849367265695e-12	  1.095041315824e-12	  1.515977481795e-12	
              i_exch	                 103	  6.994915302370e+00	  1.264126569106e+01	  5.999999976732e-04	  1.199999999897e-03	  5.103605606189e-12	  1.101379003379e-12	  1.550222708205e-12	
               react	                  23	  6.994915302853e+00	  1.264126568606e+01	  5.999999978067e-04	  1.199999999903e-03	  4.870274209732e-12	  1.095041315802e-12	  1.516578962520e-12	
              i_soln	                  24	  6.994915303205e+00	  1.264085550883e+01	  5.999999984114e-04	  1.199999999928e-03	  3.800303491242e-12	  1.069869140271e-12	  1.377245502811e-12	
              i_exch	                 104	  6.994915302569e+00	  1.264085550883e+01	  5.999999983063e-04	  1.199999999924e-03	  3.985420151371e-12	  1.074534877539e-12	  1.402311235579e-12	
               react	                  24	  6.994915303205e+00	  1.264085550751e+01	  5.999999984035e-04	  1.199999999928e-03	  3.815526307891e-12	  1.069869140250e-12	  1.377685755560e-12	
              i_soln	                  25	  6.994915302716e+00	  1.264188257538e+01	  5.999999962160e-04	  1.199999999837e-03	  7.681492319180e-12	  1.161585269671e-12	  1.886779954807e-12	
              i_exch	                 105	  6.994915301971e+00	  1.264188257538e+01	  5.999999959664e-04	  1.199999999827e-03	  8.122024194424e-12	  1.172330590813e-12	  1.945507520541e-12	
               react	                  25	  6.994915302716e+00	  1.264188256820e+01	  5.999999961974e-04	  1.199999999837e-03	  7.717718858788e-12	  1.161585269648e-12	  1.887811441603e-12	
              i_soln	                  26	  6.994915302721e+00	  1.264154126469e+01	  5.999999972292e-04	  1.199999999879e-03	  5.889328677814e-12	  1.119616578629e-12	  1.652506826724e-12	
              i_exch	                 106	  6.994915302210e+00	  1.264154126469e+01	  5.999999970463e-04	  1.199999999871e-03	  6.212005318928e-12	  1.127583285774e-12	  1.695771714092e-12	
               react	                  26	  6.994915302721e+00	  1.264154125554e+01	  5.999999972155e-04	  1.199999999879e-03	  5.915863552451e-12	  1.119616578607e-12	  1.653266728133e-12	
              i_soln	                  27	  6.994915302663e+00	  1.264240044157e+01	  5.999999935039e-04	  1.199999999727e-03	  1.248455267736e-11	  1.271526778128e-12	  2.507868753731e-12	
              i_exch	                 107	  6.994915301584e+00	  1.264240044156e+01	  5.999999930762e-04	  1.199999999709e-03	  1.324038892772e-11	  1.289529385060e-12	  2.607497020797e-12	
               react	                  27	  6.994915302664e+00	  1.264240043477e+01	  5.999999934720e-04	  1.199999999727e-03	  1.254670784380e-11	  1.271526778103e-12	  2.509618617550e-12	
              i_soln	                  28	  6.994915302700e+00	  1.264211346491e+01	  5.999999952178e-04	  1.199999999796e-03	  9.448677263760e-12	  1.202289484949e-12	  2.115973492384e-12	
              i_exch	                 108	  6.994915301806e+00	  1.264211346491e+01	  5.999999949026e-04	  1.199999999783e-03	  1.000527390648e-11	  1.215723917333e-12	  2.189803580191e-12	
               react	                  28	  6.994915302701e+00	  1.264211345930e+01	  5.999999951943e-04	  1.199999999796e-03	  9.494448231782e-12	  1.202289484925e-12	  2.117270238809e-12	
              i_soln	                  29	  6.994915302171e+00	  1.264283606856e+01	  5.999999889473e-04	  1.199999999547e-03	  2.056657885733e-11	  1.451356922923e-12	  3.539018130874e-12	
              i_exch	                 109	  6.994915301581e+00	  1.264283606856e+01	  5.999999882210e-04	  1.199999999518e-03	  2.185186444598e-11	  1.481186956145e-12	  3.706364531991e-12	
               react	                  29	  6.994915302171e+00	  1.264283606241e+01	  5.999999888930e-04	  1.199999999547e-03	  2.067227257116e-11	  1.451356922895e-12	  3.541957391218e-12	
              i_soln	                  30	  6.994915302521e+00	  1.264259444291e+01	  5.999999918238e-04	  1.199999999660e-03	  1.546358543088e-11	  1.338264196994e-12	  2.889172415408e-12	
              i_exch	                 110	  6.994915301527e+00	  1.264259444291e+01	  5.999999912859e-04	  1.199999999638e-03	  1.641467329580e-11	  1.360659991929e-12	  3.013858303103e-12	
               react	                  30	  6.994915302520e+00	  1.264259443436e+01	  5.999999917836e-04	  1.199999999660e-03	  1.554179684865e-11	  1.338264196967e-12	  2.891362389504e-12	
              i_soln	                  31	  6.994915302315e+00	  1.264320341457e+01	  5.999999813476e-04	  1.199999999256e-03	  3.406813632605e-11	  1.742723555960e-12	  5.236861072132e-12	
              i_exch	                 111	  6.994915301772e+00	  1.264320341457e+01	  5.999999801244e-04	  1.199999999207e-03	  3.623599524123e-11	  1.791642541520e-12	  5.515388456831e-12	
               react	                  31	  6.994915302315e+00	  1.264320340929e+01	  5.999999812560e-04	  1.199999999256e-03	  3.424640726020e-11	  1.742723555926e-12	  5.241753107458e-12	
              i_soln	                  32	  6.994915302115e+00	  1.264300009556e+01	  5.999999861403e-04	  1.199999999439e-03	  2.555165324524e-11	  1.559731481529e-12	  4.168079410523e-12	
              i_exch	                 112	  6.994915301646e+00	  1.264300009556e+01	  5.999999852303e-04	  1.199999999402e-03	  2.716297165408e-11	  1.596668382259e-12	  4.376647516522e-12	
               react	                  32	  6.994915302115e+00	  1.264300008961e+01	  5.999999860722e-04	  1.199999999439e-03	  2.568415782559e-11	  1.559731481499e-12	  4.171742685989e-12	
              i_soln	                  33	  6.994915302333e+00	  1.264351432671e+01	  5.999999687583e-04	  1.199999998788e-03	  5.647276280747e-11	  2.210549943921e-12	  8.010796662183e-12	
              i_exch	                 113	  6.994915301923e+00	  1.264351432671e+01	  5.999999667139e-04	  1.199999998709e-03	  6.010193603412e-11	  2.289992866019e-12	  8.470427404047e-12	
               react	                  33	  6.994915302333e+00	  1.264351432018e+01	  5.999999686051e-04	  1.199999998788e-03	  5.677120294530e-11	  2.210549943878e-12	  8.018869584245e-12	
              i_soln	                  34	  6.994915302373e+00	  1.264334245608e+01	  5.999999766901e-04	  1.199999999082e-03	  4.235342266232e-11	  1.917109837377e-12	  6.266514056456e-12	
              i_exch	                 114	  6.994915301845e+00	  1.264334245608e+01	  5.999999751629e-04	  1.199999999021e-03	  4.506196414613e-11	  1.977418277036e-12	  6.612313471678e-12	
               react	                  34	  6.994915302374e+00	  1.264334244834e+01	  5.999999765757e-04	  1.199999999082e-03	  4.257615589487e-11	  1.917109837339e-12	  6.272587653021e-12	
              i_soln	                  35	  6.994915302778e+00	  1.264377626738e+01	  5.999999480353e-04	  1.199999998043e-03	  9.341999946852e-11	  2.955210542590e-12	  1.250967529258e-11	
              i_exch	                 115	  6.994915302899e+00	  1.264377626738e+01	  5.999999446422e-04	  1.199999997915e-03	  9.945358972956e-11	  3.083029083852e-12	  1.326211480311e-11	
               react	                  35	  6.994915302780e+00	  1.264377626712e+01	  5.999999477806e-04	  1.199999998043e-03	  9.391616359495e-11	  2.955210542532e-12	  1.252289108770e-11	
              i_soln	                  36	  6.994915302443e+00	  1.264363111602e+01	  5.999999610803e-04	  1.199999998510e-03	  7.015601082291e-11	  2.488708189545e-12	  9.683646673621e-12	
              i_exch	                 116	  6.994915302204e+00	  1.264363111602e+01	  5.999999585359e-04	  1.199999998413e-03	  7.467612818354e-11	  2.586240388848e-12	  1.025223630062e-11	
               react	                  36	  6.994915302444e+00	  1.264363111800e+01	  5.999999608894e-04	  1.199999998510e-03	  7.052771654735e-11	  2.488708189497e-12	  9.693633342002e-12	
              i_soln	                  37	  6.994915303176e+00	  1.264399737254e+01	  5.999999141249e-04	  1.199999996868e-03	  1.539949691104e-10	  4.130643543622e-12	  1.975543408303e-11	
              i_exch	                 117	  6.994915303043e+00	  1.264399737254e+01	  5.999999085303e-04	  1.199999996664e-03	  1.639616501547e-10	  4.334473182176e-12	  2.097795365215e-11	
               react	                  37	  6.994915303178e+00	  1.264399736020e+01	  5.999999137044e-04	  1.199999996868e-03	  1.548145656728e-10	  4.130643543541e-12	  1.977690633262e-11	
              i_soln	                  38	  6.994915302976e+00	  1.264387550411e+01	  5.999999354536e-04	  1.199999997603e-03	  1.158845806359e-10	  3.395165794739e-12	  1.520840259527e-11	
              i_exch	                 118	  6.994915303122e+00	  1.264387550411e+01	  5.999999312433e-04	  1.199999997447e-03	  1.233775732358e-10	  3.551466649006e-12	  1.613606210566e-11	
               react	                  38	  6.994915302976e+00	  1.264387549129e+01	  5.999999351374e-04	  1.199999997603e-03	  1.165007567491e-10	  3.395165794673e-12	  1.522469594256e-11	
              i_soln	                  39	  6.994915303274e+00	  1.264418269331e+01	  5.999998589434e-04	  1.199999995027e-03	  2.527655003801e-10	  5.971078352213e-12	  3.134795359077e-11	
              i_exch	                 119	  6.994915303250e+00	  1.264418269331e+01	  5.999998497747e-04	  1.199999994705e-03	  2.691307418429e-10	  6.293350921465e-12	  3.332009030795e-11	
               react	                  39	  6.994915303276e+00	  1.264418268125e+01	  5.999998582532e-04	  1.199999995027e-03	  2.541112740291e-10	  5.971078352096e-12	  3.138259206723e-11	
              i_soln	                  40	  6.994915303256e+00	  1.264408061697e+01	  5.999998936241e-04	  1.199999996177e-03	  1.906721010151e-10	  4.820857233170e-12	  2.408001373847e-11	
              i_exch	                 120	  6.994915303078e+00	  1.264408061697e+01	  5.999998867009e-04	  1.199999995929e-03	  2.030160939726e-10	  5.069158858721e-12	  2.558240013156e-11	
               react	                  40	  6.994915303259e+00	  1.264408060168e+01	  5.999998931033e-04	  1.199999996177e-03	  1.916871926439e-10	  4.820857233076e-12	  2.410640155051e-11	
              i_soln	                  41	  6.994915303350e+00	  1.264433762771e+01	  5.999997696179e-04	  1.199999992168e-03	  4.129870660772e-10	  8.830158986219e-12	  4.977733723811e-11	
              i_exch	                 121	  6.994915303243e+00	  1.264433762771e+01	  5.999997546772e-04	  1.199999991663e-03	  4.397085943385e-10	  9.335504249062e-12	  5.293721086487e-11	
               react	                  41	  6.994915303353e+00	  1.264433761933e+01	  5.999997684915e-04	  1.199999992168e-03	  4.151844753438e-10	  8.830158986046e-12	  4.983283705308e-11	
              i_soln	                  42	  6.994915303300e+00	  1.264425261733e+01	  5.999998257161e-04	  1.199999993953e-03	  3.123346157339e-10	  7.045367519155e-12	  3.823353067014e-11	
              i_exch	                 122	  6.994915303296e+00	  1.264425261733e+01	  5.999998143991e-04	  1.199999993562e-03	  3.325523061583e-10	  7.436514723439e-12	  4.064978975277e-11	
               react	                  42	  6.994915303304e+00	  1.264425261920e+01	  5.999998248636e-04	  1.199999993953e-03	  3.139971904283e-10	  7.045367519017e-12	  3.827596968403e-11	
              i_soln	                  43	  6.994915303596e+00	  1.264446512281e+01	  5.999996257397e-04	  1.199999987761e-03	  6.716237073369e-10	  1.323774960533e-11	  7.889723516532e-11	
              i_exch	                 123	  6.994915303984e+00	  1.264446512281e+01	  5.999996015231e-04	  1.199999986975e-03	  7.150266116834e-10	  1.402383623844e-11	  8.392749466134e-11	
               react	                  43	  6.994915303600e+00	  1.264446510914e+01	  5.999996239109e-04	  1.199999987761e-03	  6.751928880780e-10	  1.323774960507e-11	  7.898558633515e-11	
              i_soln	                  44	  6.994915303431e+00	  1.264439525366e+01	  5.999997160344e-04	  1.199999990509e-03	  5.092582880216e-10	  1.048940276543e-11	  6.067314401885e-11	
              i_exch	                 124	  6.994915303427e+00	  1.264439525366e+01	  5.999996976373e-04	  1.199999989898e-03	  5.421922755984e-10	  1.110057172929e-11	  6.453343694469e-11	
               react	                  44	  6.994915303435e+00	  1.264439525418e+01	  5.999997146464e-04	  1.199999990509e-03	  5.119665708108e-10	  1.048940276523e-11	  6.074094595830e-11	
              i_soln	                  45	  6.994915304968e+00	  1.264456954732e+01	  5.999993950924e-04	  1.199999981017e-03	  1.087177530439e-09	  1.998173418520e-11	  1.246379816297e-10	
              i_exch	                 125	  6.994915305539e+00	  1.264456954732e+01	  5.999993560382e-04	  1.199999979803e-03	  1.157327674303e-09	  2.119502012174e-11	  1.325962518896e-10	
               react	                  45	  6.994915304978e+00	  1.264456955147e+01	  5.999993921382e-04	  1.199999981017e-03	  1.092946237157e-09	  1.998173418481e-11	  1.247777602496e-10	
              i_soln	                  46	  6.994915304007e+00	  1.264451284382e+01	  5.999995397435e-04	  1.199999985217e-03	  8.264767016331e-10	  1.578121214354e-11	  9.603656174713e-11	
              i_exch	                 126	  6.994915304551e+00	  1.264451284382e+01	  5.999995099919e-04	  1.199999984270e-03	  8.798516449224e-10	  1.672863553323e-11	  1.021648709587e-10	
               react	                  46	  6.994915304014e+00	  1.264451283189e+01	  5.999995374951e-04	  1.199999985217e-03	  8.308659204235e-10	  1.578121214323e-11	  9.614419900881e-11	
              i_soln	                  47	  6.994915306657e+00	  1.264465377662e+01	  5.999990270470e-04	  1.199999970773e-03	  1.751832299998e-09	  3.022480048204e-11	  1.960740566424e-10	
              i_exch	                 127	  6.994915307715e+00	  1.264465377662e+01	  5.999989643638e-04	  1.199999968914e-03	  1.864683049765e-09	  3.208322901845e-11	  2.085898111123e-10	
               react	                  47	  6.994915306671e+00	  1.264465376074e+01	  5.999990222970e-04	  1.199999970773e-03	  1.761112440972e-09	  3.022480048145e-11	  1.962938827849e-10	
              i_soln	                  48	  6.994915305678e+00	  1.264460832670e+01	  5.999992577158e-04	  1.199999977146e-03	  1.335125815732e-09	  2.385188201631e-11	  1.514429475997e-10	
              i_exch	                 128	  6.994915306385e+00	  1.264460832669e+01	  5.999992098376e-04	  1.199999975689e-03	  1.421212453710e-09	  2.530927104621e-11	  1.611127286540e-10	
               react	                  48	  6.994915305690e+00	  1.264460833184e+01	  5.999992540913e-04	  1.199999977146e-03	  1.342205040921e-09	  2.385188201584e-11	  1.516127871358e-10	
              i_soln	                  49	  6.994915309534e+00	  1.264471941265e+01	  5.999984424129e-04	  1.199999955328e-03	  2.810164447203e-09	  4.566965185701e-11	  3.070100630749e-10	
              i_exch	                 129	  6.994915310092e+00	  1.264471941265e+01	  5.999983422618e-04	  1.199999952503e-03	  2.990896806333e-09	  4.849508301995e-11	  3.265799622545e-10	
               react	                  49	  6.994915309559e+00	  1.264471939960e+01	  5.999984348099e-04	  1.199999955328e-03	  2.825026760398e-09	  4.566965185612e-11	  3.073537881957e-10	
              i_soln	                  50	  6.994915307691e+00	  1.264468381781e+01	  5.999988085872e-04	  1.199999964927e-03	  2.147067710105e-09	  3.607085429150e-11	  2.377581396028e-10	
              i_exch	                 130	  6.994915308709e+00	  1.264468381781e+01	  5.999987318975e-04	  1.199999962702e-03	  2.285278703918e-09	  3.829584861267e-11	  2.529266227189e-10	
               react	                  50	  6.994915307709e+00	  1.264468379889e+01	  5.999988027712e-04	  1.199999964927e-03	  2.158433322776e-09	  3.607085429080e-11	  2.380245582379e-10	
              i_soln	                  51	  6.994915313136e+00	  1.264476964152e+01	  5.999975179768e-04	  1.199999932207e-03	  4.487730696694e-09	  6.879037598373e-11	  4.783161849409e-10	
              i_exch	                 131	  6.994915314269e+00	  1.264476964152e+01	  5.999973586673e-04	  1.199999927943e-03	  4.775921616752e-09	  7.305452359241e-11	  5.087441580483e-10	
               react	                  51	  6.994915313174e+00	  1.264476963489e+01	  5.999975058600e-04	  1.199999932207e-03	  4.511429770007e-09	  6.879037598238e-11	  4.788506216868e-10	
              i_soln	                  52	  6.994915310994e+00	  1.264474311226e+01	  5.999980965949e-04	  1.199999946561e-03	  3.437343204213e-09	  5.443682127117e-11	  3.714673970560e-10	
              i_exch	                 132	  6.994915311581e+00	  1.264474311226e+01	  5.999979743059e-04	  1.199999943189e-03	  3.658262562209e-09	  5.780864191074e-11	  3.951260642303e-10	
               react	                  52	  6.994915311024e+00	  1.264474310809e+01	  5.999980873036e-04	  1.199999946561e-03	  3.455510257109e-09	  5.443682127011e-11	  3.718829373905e-10	
              i_soln	                  53	  6.994915319524e+00	  1.264480466350e+01	  5.999960632060e-04	  1.199999897844e-03	  7.134259481004e-09	  1.031526728901e-10	  7.413290835959e-10	
              i_exch	                 133	  6.994915321056e+00	  1.264480466350e+01	  5.999958109005e-04	  1.199999891455e-03	  7.591822627131e-09	  1.095415578269e-10	  7.883769356996e-10	
               react	                  53	  6.994915319585e+00	  1.264480464565e+01	  5.999960439791e-04	  1.199999897844e-03	  7.171886777884e-09	  1.031526728881e-10	  7.421554336059e-10	
              i_soln	                  54	  6.994915315423e+00	  1.264478654646e+01	  5.999969731318e-04	  1.199999919153e-03	  5.478316427546e-09	  8.184374908362e-11	  5.774203251604e-10	
              i_exch	                 134	  6.994915316806e+00	  1.264478654646e+01	  5.999967789846e-04	  1.199999914080e-03	  5.829915856446e-09	  8.691631663426e-11	  6.141154114204e-10	
               react	                  54	  6.994915315469e+00	  1.264478653149e+01	  5.999969583529e-04	  1.199999919153e-03	  5.507229854769e-09	  8.184374908201e-11	  5.780648379729e-10	
              i_soln	                  55	  6.994915330003e+00	  1.264482696297e+01	  5.999937856738e-04	  1.199999847145e-03	  1.128792089253e-08	  1.538506609412e-10	  1.142732132607e-09	
              i_exch	                 135	  6.994915331979e+00	  1.264482696297e+01	  5.999933878679e-04	  1.199999837641e-03	  1.201119267360e-08	  1.633540839298e-10	  1.215072068166e-09	
               react	                  55	  6.994915330101e+00	  1.264482697110e+01	  5.999937552996e-04	  1.199999847145e-03	  1.134739869721e-08	  1.538506609381e-10	  1.144002717943e-09	
              i_soln	                  56	  6.994915323431e+00	  1.264481602858e+01	  5.999952091292e-04	  1.199999878549e-03	  8.690938305742e-09	  1.224468667718e-10	  8.928039258730e-10	
              i_exch	                 136	  6.994915325121e+00	  1.264481602858e+01	  5.999949022535e-04	  1.199999870973e-03	  9.248090750981e-09	  1.300229958450e-10	  9.494027864168e-10	
               react	                  56	  6.994915323507e+00	  1.264481603994e+01	  5.999951857236e-04	  1.199999878549e-03	  8.736755296181e-09	  1.224468667694e-10	  8.937980313820e-10	
              i_soln	                  57	  6.994915346133e+00	  1.264483741778e+01	  5.999902408126e-04	  1.199999772902e-03	  1.776895686855e-08	  2.280912386400e-10	  1.751418626509e-09	
              i_exch	                 137	  6.994915349215e+00	  1.264483741778e+01	  5.999896165673e-04	  1.199999758867e-03	  1.890685582007e-08	  2.421254136274e-10	  1.862010336731e-09	
               react	                  57	  6.994915346286e+00	  1.264483742636e+01	  5.999901930539e-04	  1.199999772902e-03	  1.786253175873e-08	  2.280912386355e-10	  1.753361079913e-09	
              i_soln	                  58	  6.994915336085e+00	  1.264483330480e+01	  5.999924544174e-04	  1.199999818836e-03	  1.372036863531e-08	  1.821579850681e-10	  1.372797248252e-09	
              i_exch	                 138	  6.994915338435e+00	  1.264483330480e+01	  5.999919715726e-04	  1.199999807602e-03	  1.459925095571e-08	  1.933918362442e-10	  1.459604523944e-09	
               react	                  58	  6.994915336203e+00	  1.264483330832e+01	  5.999924175178e-04	  1.199999818836e-03	  1.379264311455e-08	  1.821579850646e-10	  1.374321942342e-09	
              i_soln	                  59	  6.994915370762e+00	  1.264483814610e+01	  5.999847610692e-04	  1.199999665036e-03	  2.781199621762e-08	  3.359541315687e-10	  2.667866236296e-09	
              i_exch	                 139	  6.994915375634e+00	  1.264483814610e+01	  5.999837866332e-04	  1.199999644462e-03	  2.959282024464e-08	  3.565270540741e-10	  2.835914133467e-09	
               react	                  59	  6.994915371001e+00	  1.264483815337e+01	  5.999846863699e-04	  1.199999665036e-03	  2.795844307797e-08	  3.359541315620e-10	  2.670817885215e-09	
              i_soln	                  60	  6.994915355426e+00	  1.264483942077e+01	  5.999881793862e-04	  1.199999731691e-03	  2.154479709927e-08	  2.693007918939e-10	  2.098431315998e-09	
              i_exch	                 140	  6.994915359184e+00	  1.264483942077e+01	  5.999874234194e-04	  1.199999715154e-03	  2.292437055996e-08	  2.858373635020e-10	  2.230791384368e-09	
               react	                  60	  6.994915355611e+00	  1.264483942426e+01	  5.999881214991e-04	  1.199999731691e-03	  2.165824638093e-08	  2.693007918885e-10	  2.100756120111e-09	
              i_soln	                  61	  6.994915408659e+00	  1.264482914767e+01	  5.999763604826e-04	  1.199999509648e-03	  4.324465776919e-08	  4.913369452047e-10	  4.036377882550e-09	
              i_exch	                 141	  6.994915415718e+00	  1.264482914767e+01	  5.999748486656e-04	  1.199999479717e-03	  4.601462327291e-08	  5.212664025882e-10	  4.290046475238e-09	
               react	                  61	  6.994915409032e+00	  1.264482915011e+01	  5.999762443588e-04	  1.199999509648e-03	  4.347244987829e-08	  4.913369451949e-10	  4.040833458119e-09	
              i_soln	                  62	  6.994915385029e+00	  1.264483593321e+01	  5.999815942035e-04	  1.199999605539e-03	  3.362645635999e-08	  3.954485395389e-10	  3.187137453778e-09	
              i_exch	                 142	  6.994915390783e+00	  1.264483593320e+01	  5.999804172381e-04	  1.199999581377e-03	  3.577983471278e-08	  4.196100749721e-10	  3.387689870341e-09	
               react	                  62	  6.994915385319e+00	  1.264483594342e+01	  5.999815038998e-04	  1.199999605539e-03	  3.380354120000e-08	  3.954485395310e-10	  3.190660039645e-09	
              i_soln	                  63	  6.994915464691e+00	  1.264481209069e+01	  5.999636154606e-04	  1.199999287939e-03	  6.671119399978e-08	  7.130382506818e-10	  6.059885850754e-09	
              i_exch	                 143	  6.994915474978e+00	  1.264481209069e+01	  5.999612871371e-04	  1.199999244746e-03	  7.098779385595e-08	  7.562295185176e-10	  6.439933038986e-09	
               react	                  63	  6.994915465267e+00	  1.264481210029e+01	  5.999634362735e-04	  1.199999287939e-03	  6.706289281437e-08	  7.130382506675e-10	  6.066561338295e-09	
              i_soln	                  64	  6.994915430006e+00	  1.264482345732e+01	  5.999715430930e-04	  1.199999424547e-03	  5.210968650157e-08	  5.764348518299e-10	  4.806128495577e-09	
              i_exch	                 144	  6.994915438277e+00	  1.264482345732e+01	  5.999697227706e-04	  1.199999389517e-03	  5.544856726727e-08	  6.114633106429e-10	  5.107892563564e-09	
               react	                  64	  6.994915430455e+00	  1.264482344641e+01	  5.999714031530e-04	  1.199999424547e-03	  5.238426608327e-08	  5.764348518184e-10	  4.811428885208e-09	
              i_soln	                  65	  6.994915547041e+00	  1.264478732009e+01	  5.999445358562e-04	  1.199998975175e-03	  1.019150127842e-07	  1.025791958486e-09	  9.015276120912e-09	
              i_exch	                 145	  6.994915562394e+00	  1.264478732009e+01	  5.999409828770e-04	  1.199998913394e-03	  1.084566092894e-07	  1.087571496364e-09	  9.579638106298e-09	
               react	                  65	  6.994915547921e+00	  1.264478731190e+01	  5.999442619085e-04	  1.199998975175e-03	  1.024529950651e-07	  1.025791958465e-09	  9.025189363613e-09	
              i_soln	                  66	  6.994915496052e+00	  1.264480295958e+01	  5.999563788933e-04	  1.199999167530e-03	  8.005649095597e-08	  8.334431245235e-10	  7.187723557786e-09	
              i_exch	                 146	  6.994915508235e+00	  1.264480295958e+01	  5.999535863061e-04	  1.199999117170e-03	  8.519125541407e-08	  8.838023223915e-10	  7.638133637787e-09	
               react	                  66	  6.994915496741e+00	  1.264480295052e+01	  5.999561637991e-04	  1.199999167530e-03	  8.047876787056e-08	  8.334431245066e-10	  7.195635048346e-09	
              i_soln	                  67	  6.994915665741e+00	  1.264475535700e+01	  5.999164717057e-04	  1.199998540208e-03	  1.537954229760e-07	  1.460746210997e-09	  1.326316742897e-08	
              i_exch	                 147	  6.994915688850e+00	  1.264475535700e+01	  5.999111134427e-04	  1.199998452732e-03	  1.636829634757e-07	  1.548218928954e-09	  1.409215294343e-08	
               react	                  67	  6.994915667069e+00	  1.264475534395e+01	  5.999160578315e-04	  1.199998540208e-03	  1.546086092529e-07	  1.460746210967e-09	  1.327772950760e-08	
              i_soln	                  68	  6.994915592509e+00	  1.264477529181e+01	  5.999338427575e-04	  1.199998807085e-03	  1.216733000697e-07	  1.193877313916e-09	  1.064318639986e-08	
              i_exch	                 148	  6.994915610788e+00	  1.264477529181e+01	  5.999296023081e-04	  1.199998735358e-03	  1.294883980412e-07	  1.265601389531e-09	  1.130898735058e-08	
               react	                  68	  6.994915593560e+00	  1.264477530859e+01	  5.999335155473e-04	  1.199998807085e-03	  1.223160252753e-07	  1.193877313892e-09	  1.065488164749e-08	
              i_soln	                  69	  6.994915834975e+00	  1.264471686034e+01	  5.998761680126e-04	  1.199997946756e-03	  2.284285737390e-07	  2.054178516510e-09	  1.923740349732e-08	
              i_exch	                 149	  6.994915868272e+00	  1.264471686034e+01	  5.998682111385e-04	  1.199997824423e-03	  2.431414858733e-07	  2.176507804104e-09	  2.043823960085e-08	
               react	                  69	  6.994915836952e+00	  1.264471684330e+01	  5.998755524088e-04	  1.199997946756e-03	  2.296386858354e-07	  2.054178516466e-09	  1.925849884525e-08	
              i_soln	                  70	  6.994915730710e+00	  1.264474024190e+01	  5.999010178043e-04	  1.199998309683e-03	  1.824004123434e-07	  1.691263223480e-09	  1.556598095982e-08	
              i_exch	                 150	  6.994915757842e+00	  1.264474024190e+01	  5.998946637294e-04	  1.199998208648e-03	  1.941362145425e-07	  1.792295567119e-09	  1.653832867956e-08	
               react	                  70	  6.994915732287e+00	  1.264474022073e+01	  5.999005266563e-04	  1.199998309683e-03	  1.833656276663e-07	  1.691263223444e-09	  1.558306175941e-08	
              i_soln	                  71	  6.994916067517e+00	  1.264467051952e+01	  5.998202160646e-04	  1.199997159168e-03	  3.321882996674e-07	  2.841741538488e-09	  2.738157417769e-08	
              i_exch	                 151	  6.994916115578e+00	  1.264467051952e+01	  5.998086434947e-04	  1.199996990807e-03	  3.536259992140e-07	  3.010097731475e-09	  2.908901466752e-08	
               react	                  71	  6.994916070396e+00	  1.264467051948e+01	  5.998193193877e-04	  1.199997159168e-03	  3.339516561366e-07	  2.841741538425e-09	  2.741157170161e-08	
              i_soln	                  72	  6.994915925224e+00	  1.264469813799e+01	  5.998545172517e-04	  1.199997638477e-03	  2.685641171834e-07	  2.362448251926e-09	  2.240338215815e-08	
              i_exch	                 152	  6.994915964126e+00	  1.264469813798e+01	  5.998451620879e-04	  1.199997498104e-03	  2.858766412571e-07	  2.502816910583e-09	  2.380118572034e-08	
               react	                  72	  6.994915927549e+00	  1.264469811962e+01	  5.998537929884e-04	  1.199997638477e-03	  2.699880873312e-07	  2.362448251875e-09	  2.242793848261e-08	
              i_soln	                  73	  6.994916371183e+00	  1.264461499896e+01	  5.997464162447e-04	  1.199996158483e-03	  4.692057221539e-07	  3.842395359001e-09	  3.796379251759e-08	
              i_exch	                 153	  6.994916438641e+00	  1.264461499896e+01	  5.997300649402e-04	  1.199995931886e-03	  4.995428987685e-07	  4.068984954561e-09	  4.032922510655e-08	
               react	                  73	  6.994916375256e+00	  1.264461499162e+01	  5.997451476399e-04	  1.199996158483e-03	  4.717013695583e-07	  3.842395358912e-09	  3.800535477309e-08	
              i_soln	                  74	  6.994916187011e+00	  1.264464835316e+01	  5.997912504871e-04	  1.199996762605e-03	  3.859500556873e-07	  3.238292170670e-09	  3.155097356740e-08	
              i_exch	                 154	  6.994916242723e+00	  1.264464835316e+01	  5.997778033097e-04	  1.199996571140e-03	  4.108776949429e-07	  3.429751194070e-09	  3.351768939198e-08	
               react	                  74	  6.994916190359e+00	  1.264464835210e+01	  5.997902079567e-04	  1.199996762605e-03	  3.880005623854e-07	  3.238292170597e-09	  3.158552774429e-08	
              i_soln	                  75	  6.994916736929e+00	  1.264454880482e+01	  5.996570759381e-04	  1.199994981150e-03	  6.352203627008e-07	  5.019691191887e-09	  5.062976632989e-08	
              i_exch	                 155	  6.994916827570e+00	  1.264454880482e+01	  5.996349301206e-04	  1.199994686261e-03	  6.763592093490e-07	  5.314570637522e-09	  5.378255494272e-08	
               react	                  75	  6.994916742452e+00	  1.264454879338e+01	  5.996553559022e-04	  1.199994981150e-03	  6.386050303252e-07	  5.019691191766e-09	  5.068517049325e-08	
              i_soln	                  76	  6.994916518531e+00	  1.264458827689e+01	  5.997104642827e-04	  1.199995681144e-03	  5.359974996152e-07	  4.319719788133e-09	  4.307593963086e-08	
              i_exch	                 156	  6.994916595349e+00	  1.264458827689e+01	  5.996917821874e-04	  1.199995426834e-03	  5.706784506668e-07	  4.574020802313e-09	  4.575917938457e-08	
               react	                  76	  6.994916523187e+00	  1.264458829338e+01	  5.997090141433e-04	  1.199995681144e-03	  5.388506294744e-07	  4.319719788032e-09	  4.312308855135e-08	
              i_soln	                  77	  6.994917107463e+00	  1.264447563474e+01	  5.995662197296e-04	  1.199993806010e-03	  8.041467960374e-07	  6.194794042224e-09	  6.341575104771e-08	
              i_exch	                 157	  6.994917221683e+00	  1.264447563474e+01	  5.995381744768e-04	  1.199993443103e-03	  8.562898094643e-07	  6.557689221219e-09	  6.736324355258e-08	
               react	                  77	  6.994917114463e+00	  1.264447562296e+01	  5.995640397459e-04	  1.199993806010e-03	  8.084373843482e-07	  6.194794042068e-09	  6.348513018981e-08	
              i_soln	                  78	  6.994916894733e+00	  1.264451821478e+01	  5.996184257266e-04	  1.199994478709e-03	  7.070707501281e-07	  5.522115824018e-09	  5.607980237324e-08	
              i_exch	                 158	  6.994916995397e+00	  1.264451821478e+01	  5.995937710582e-04	  1.199994154722e-03	  7.528885430615e-07	  5.846092988420e-09	  5.957134650372e-08	
               react	                  78	  6.994916900885e+00	  1.264451820616e+01	  5.996165101292e-04	  1.199994478709e-03	  7.108405842752e-07	  5.522115823883e-09	  5.614116311895e-08	
              i_soln	                  79	  6.994917318599e+00	  1.264442924448e+01	  5.995144545075e-04	  1.199993142054e-03	  9.004164318295e-07	  6.858729002617e-09	  7.067656025888e-08	
              i_exch	                 159	  6.994917446061e+00	  1.264442924448e+01	  5.994830463164e-04	  1.199992740754e-03	  9.588340565002e-07	  7.260015858077e-09	  7.507531818306e-08	
               react	                  79	  6.994917326441e+00	  1.264442923904e+01	  5.995120122228e-04	  1.199993142054e-03	  9.052236848503e-07	  6.858729002441e-09	  7.075387670954e-08	
              i_soln	                  80	  6.994917221038e+00	  1.264445023255e+01	  5.995383607254e-04	  1.199993447854e-03	  8.559536153093e-07	  6.552938464022e-09	  6.732694053528e-08	
              i_exch	                 160	  6.994917342439e+00	  1.264445023255e+01	  5.995085058646e-04	  1.199993064232e-03	  9.114727574857e-07	  6.936548712304e-09	  7.151752045522e-08	
               react	                  80	  6.994917228491e+00	  1.264445023017e+01	  5.995360396100e-04	  1.199993447854e-03	  8.605221916438e-07	  6.552938463855e-09	  6.740059518388e-08	
